<?xml version="1.0" encoding="UTF-8" ?>
<testsuite tests="7" failures="7" name="com.goatfinder.builder.GoatAnalyzerTest" time="0.017" errors="0" skipped="0">
  <properties>
    <property name="idea.version" value="2021.1"/>
    <property name="java.runtime.name" value="OpenJDK Runtime Environment"/>
    <property name="java.vm.version" value="15.0.2+7-27"/>
    <property name="sun.boot.library.path" value="C:\Program Files\jdk-15.0.2\bin"/>
    <property name="maven.multiModuleProjectDirectory" value="C:\Users\jason\IdeaProjects\projectAXML"/>
    <property name="java.vm.vendor" value="Oracle Corporation"/>
    <property name="java.vendor.url" value="https://java.oracle.com/"/>
    <property name="guice.disable.misplaced.annotation.check" value="true"/>
    <property name="path.separator" value=";"/>
    <property name="java.vm.name" value="OpenJDK 64-Bit Server VM"/>
    <property name="sun.os.patch.level" value=""/>
    <property name="user.script" value=""/>
    <property name="user.country" value="GB"/>
    <property name="sun.java.launcher" value="SUN_STANDARD"/>
    <property name="java.vm.specification.name" value="Java Virtual Machine Specification"/>
    <property name="user.dir" value="C:\Users\jason\IdeaProjects\projectAXML"/>
    <property name="java.vm.compressedOopsMode" value="32-bit"/>
    <property name="java.runtime.version" value="15.0.2+7-27"/>
    <property name="os.arch" value="amd64"/>
    <property name="java.io.tmpdir" value="C:\Users\jason\AppData\Local\Temp\"/>
    <property name="line.separator" value="
"/>
    <property name="java.vm.specification.vendor" value="Oracle Corporation"/>
    <property name="user.variant" value=""/>
    <property name="os.name" value="Windows 10"/>
    <property name="maven.ext.class.path" value="C:\Program Files\JetBrains\IntelliJ IDEA Community Edition 2020.3.2\plugins\maven\lib\maven-event-listener.jar"/>
    <property name="classworlds.conf" value="C:\Program Files\apache-maven-3.8.1\bin\m2.conf"/>
    <property name="sun.jnu.encoding" value="Cp1252"/>
    <property name="java.library.path" value="C:\Program Files\jdk-15.0.2\bin;C:\WINDOWS\Sun\Java\bin;C:\WINDOWS\system32;C:\WINDOWS;C:\Program Files\jdk-15.0.2\bin;C:\Program Files\apache-maven-3.8.1\bin;C:\windows\system32;C:\windows;C:\windows\System32\Wbem;C:\windows\System32\WindowsPowerShell\v1.0\;C:\windows\System32\OpenSSH\;C:\Program Files (x86)\NVIDIA Corporation\PhysX\Common;C:\Program Files\NVIDIA Corporation\NVIDIA NvDLISR;C:\WINDOWS\system32;C:\WINDOWS;C:\WINDOWS\System32\Wbem;C:\WINDOWS\System32\WindowsPowerShell\v1.0\;C:\WINDOWS\System32\OpenSSH\;C:\Program Files\Git\cmd;C:\Program Files\jdk-15.0.2\bin;C:\Program Files\apache-maven-3.8.1\bin;C:\windows\system32;C:\windows;C:\windows\System32\Wbem;C:\windows\System32\WindowsPowerShell\v1.0\;C:\windows\System32\OpenSSH\;C:\Program Files (x86)\NVIDIA Corporation\PhysX\Common;C:\Program Files\NVIDIA Corporation\NVIDIA NvDLISR;C:\WINDOWS\system32;C:\WINDOWS;C:\WINDOWS\System32\Wbem;C:\WINDOWS\System32\WindowsPowerShell\v1.0\;C:\WINDOWS\System32\OpenSSH\;C:\Program Files\Git\cmd;;;."/>
    <property name="maven.conf" value="C:\Program Files\apache-maven-3.8.1/conf"/>
    <property name="jdk.debug" value="release"/>
    <property name="java.class.version" value="59.0"/>
    <property name="java.specification.name" value="Java Platform API Specification"/>
    <property name="sun.management.compiler" value="HotSpot 64-Bit Tiered Compilers"/>
    <property name="os.version" value="10.0"/>
    <property name="user.home" value="C:\Users\jason"/>
    <property name="user.timezone" value="Europe/London"/>
    <property name="file.encoding" value="UTF-8"/>
    <property name="java.specification.version" value="15"/>
    <property name="user.name" value="jason"/>
    <property name="java.class.path" value="C:\Program Files\apache-maven-3.8.1\boot\plexus-classworlds-2.6.0.jar;C:\Program Files\apache-maven-3.8.1\boot\plexus-classworlds.license"/>
    <property name="java.vm.specification.version" value="15"/>
    <property name="sun.arch.data.model" value="64"/>
    <property name="sun.java.command" value="org.codehaus.classworlds.Launcher -Didea.version=2021.1 test"/>
    <property name="java.home" value="C:\Program Files\jdk-15.0.2"/>
    <property name="user.language" value="en"/>
    <property name="java.specification.vendor" value="Oracle Corporation"/>
    <property name="java.vm.info" value="mixed mode, sharing"/>
    <property name="java.version" value="15.0.2"/>
    <property name="java.vendor" value="Oracle Corporation"/>
    <property name="maven.home" value="C:\Program Files\apache-maven-3.8.1"/>
    <property name="file.separator" value="\"/>
    <property name="java.version.date" value="2021-01-19"/>
    <property name="java.vendor.url.bug" value="https://bugreport.java.com/bugreport/"/>
    <property name="sun.io.unicode.encoding" value="UnicodeLittle"/>
    <property name="sun.cpu.endian" value="little"/>
    <property name="sun.cpu.isalist" value="amd64"/>
  </properties>
  <testcase classname="com.goatfinder.builder.GoatAnalyzerTest" name="com.goatfinder.builder.GoatAnalyzerTest.testMean" time="0.001">
    <failure message="Cannot invoke &quot;com.goatfinder.builder.GoatAnalyzer.getDataMeans()&quot; because &quot;this.analyse&quot; is null" type="java.lang.NullPointerException">java.lang.NullPointerException: Cannot invoke &quot;com.goatfinder.builder.GoatAnalyzer.getDataMeans()&quot; because &quot;this.analyse&quot; is null
	at com.goatfinder.builder.GoatAnalyzerTest.testMean(GoatAnalyzerTest.java:51)
</failure>
  </testcase>
  <testcase classname="com.goatfinder.builder.GoatAnalyzerTest" name="com.goatfinder.builder.GoatAnalyzerTest.testDataMedian" time="0">
    <failure message="Cannot invoke &quot;com.goatfinder.builder.GoatAnalyzer.getDataMedian()&quot; because &quot;this.analyse&quot; is null" type="java.lang.NullPointerException">java.lang.NullPointerException: Cannot invoke &quot;com.goatfinder.builder.GoatAnalyzer.getDataMedian()&quot; because &quot;this.analyse&quot; is null
	at com.goatfinder.builder.GoatAnalyzerTest.testDataMedian(GoatAnalyzerTest.java:63)
</failure>
  </testcase>
  <testcase classname="com.goatfinder.builder.GoatAnalyzerTest" name="com.goatfinder.builder.GoatAnalyzerTest.testReflection" time="0">
    <failure message="Cannot invoke &quot;java.util.Collection.toArray()&quot; because &quot;c&quot; is null" type="java.lang.NullPointerException">java.lang.NullPointerException: Cannot invoke &quot;java.util.Collection.toArray()&quot; because &quot;c&quot; is null
	at java.base/java.util.ArrayList.&lt;init&gt;(ArrayList.java:181)
	at com.goatfinder.builder.GoatAnalyzerTest.testReflection(GoatAnalyzerTest.java:83)
</failure>
  </testcase>
  <testcase classname="com.goatfinder.builder.GoatAnalyzerTest" name="com.goatfinder.builder.GoatAnalyzerTest.testDataSkew" time="0.01">
    <failure message="Multiple Failures (3 failures)
	java.lang.NullPointerException: Cannot invoke &quot;com.goatfinder.builder.GoatAnalyzer.getDataSkew()&quot; because &quot;this.analyse&quot; is null
	java.lang.NullPointerException: Cannot invoke &quot;com.goatfinder.builder.GoatAnalyzer.getDataSkew()&quot; because &quot;this.analyse&quot; is null
	java.lang.NullPointerException: Cannot invoke &quot;com.goatfinder.builder.GoatAnalyzer.getDataSkew()&quot; because &quot;this.analyse&quot; is null" type="org.opentest4j.MultipleFailuresError">org.opentest4j.MultipleFailuresError: Multiple Failures (3 failures)
	java.lang.NullPointerException: Cannot invoke &quot;com.goatfinder.builder.GoatAnalyzer.getDataSkew()&quot; because &quot;this.analyse&quot; is null
	java.lang.NullPointerException: Cannot invoke &quot;com.goatfinder.builder.GoatAnalyzer.getDataSkew()&quot; because &quot;this.analyse&quot; is null
	java.lang.NullPointerException: Cannot invoke &quot;com.goatfinder.builder.GoatAnalyzer.getDataSkew()&quot; because &quot;this.analyse&quot; is null
	at org.junit.jupiter.api.AssertAll.assertAll(AssertAll.java:80)
	at org.junit.jupiter.api.AssertAll.assertAll(AssertAll.java:44)
	at org.junit.jupiter.api.AssertAll.assertAll(AssertAll.java:38)
	at org.junit.jupiter.api.Assertions.assertAll(Assertions.java:2895)
	at com.goatfinder.builder.GoatAnalyzerTest.testDataSkew(GoatAnalyzerTest.java:75)
</failure>
  </testcase>
  <testcase classname="com.goatfinder.builder.GoatAnalyzerTest" name="com.goatfinder.builder.GoatAnalyzerTest.testDatasetUp" time="0.004">
    <failure message="Cannot invoke &quot;java.util.List.get(int)&quot; because &quot;list&quot; is null" type="java.lang.NullPointerException">java.lang.NullPointerException: Cannot invoke &quot;java.util.List.get(int)&quot; because &quot;list&quot; is null
	at com.goatfinder.builder.GoatAnalyzer$GoatMath.range(GoatAnalyzer.java:168)
	at com.goatfinder.builder.GoatAnalyzer.&lt;init&gt;(GoatAnalyzer.java:29)
	at com.goatfinder.builder.BasketballAnalyzer.&lt;init&gt;(BasketballAnalyzer.java:15)
	at com.goatfinder.builder.GoatAnalyzerTest.testDatasetUp(GoatAnalyzerTest.java:42)
</failure>
  </testcase>
  <testcase classname="com.goatfinder.builder.GoatAnalyzerTest" name="com.goatfinder.builder.GoatAnalyzerTest.testPeriodRange" time="0.002">
    <failure message="Cannot invoke &quot;com.goatfinder.builder.GoatAnalyzer.getPeriodRange()&quot; because &quot;this.analyse&quot; is null" type="java.lang.NullPointerException">java.lang.NullPointerException: Cannot invoke &quot;com.goatfinder.builder.GoatAnalyzer.getPeriodRange()&quot; because &quot;this.analyse&quot; is null
	at com.goatfinder.builder.GoatAnalyzerTest.testPeriodRange(GoatAnalyzerTest.java:68)
</failure>
  </testcase>
  <testcase classname="com.goatfinder.builder.GoatAnalyzerTest" name="com.goatfinder.builder.GoatAnalyzerTest.testStandardDeviation" time="0">
    <failure message="Cannot invoke &quot;com.goatfinder.builder.GoatAnalyzer.getDataStandardDeviations()&quot; because &quot;this.analyse&quot; is null" type="java.lang.NullPointerException">java.lang.NullPointerException: Cannot invoke &quot;com.goatfinder.builder.GoatAnalyzer.getDataStandardDeviations()&quot; because &quot;this.analyse&quot; is null
	at com.goatfinder.builder.GoatAnalyzerTest.testStandardDeviation(GoatAnalyzerTest.java:57)
</failure>
  </testcase>
</testsuite>