<?xml version="1.0" encoding="UTF-8" ?>
<testsuite tests="7" failures="7" name="com.goatfinder.builder.GoatAnalyzerTest" time="0.017" errors="0" skipped="0">
  <properties>
[...]
</properties>
  <testcase classname="com.goatfinder.builder.GoatAnalyzerTest" name="com.goatfinder.builder.GoatAnalyzerTest.testMean" time="0.001">
    <failure message="Cannot invoke &quot;com.goatfinder.builder.GoatAnalyzer.getDataMeans()&quot; because &quot;this.analyse&quot; is null" type="java.lang.NullPointerException">java.lang.NullPointerException: Cannot invoke &quot;com.goatfinder.builder.GoatAnalyzer.getDataMeans()&quot; because &quot;this.analyse&quot; is null
	at com.goatfinder.builder.GoatAnalyzerTest.testMean(GoatAnalyzerTest.java:51)
</failure>
  </testcase>
  <testcase classname="com.goatfinder.builder.GoatAnalyzerTest" name="com.goatfinder.builder.GoatAnalyzerTest.testDataMedian" time="0">
    <failure message="Cannot invoke &quot;com.goatfinder.builder.GoatAnalyzer.getDataMedian()&quot; because &quot;this.analyse&quot; is null" type="java.lang.NullPointerException">java.lang.NullPointerException: Cannot invoke &quot;com.goatfinder.builder.GoatAnalyzer.getDataMedian()&quot; because &quot;this.analyse&quot; is null
	at com.goatfinder.builder.GoatAnalyzerTest.testDataMedian(GoatAnalyzerTest.java:63)
</failure>
  </testcase>
  <testcase classname="com.goatfinder.builder.GoatAnalyzerTest" name="com.goatfinder.builder.GoatAnalyzerTest.testReflection" time="0">
    <failure message="Cannot invoke &quot;java.util.Collection.toArray()&quot; because &quot;c&quot; is null" type="java.lang.NullPointerException">java.lang.NullPointerException: Cannot invoke &quot;java.util.Collection.toArray()&quot; because &quot;c&quot; is null
	at java.base/java.util.ArrayList.&lt;init&gt;(ArrayList.java:181)
	at com.goatfinder.builder.GoatAnalyzerTest.testReflection(GoatAnalyzerTest.java:83)
</failure>
  </testcase>
  <testcase classname="com.goatfinder.builder.GoatAnalyzerTest" name="com.goatfinder.builder.GoatAnalyzerTest.testDataSkew" time="0.01">
    <failure message="Multiple Failures (3 failures)
	java.lang.NullPointerException: Cannot invoke &quot;com.goatfinder.builder.GoatAnalyzer.getDataSkew()&quot; because &quot;this.analyse&quot; is null
	java.lang.NullPointerException: Cannot invoke &quot;com.goatfinder.builder.GoatAnalyzer.getDataSkew()&quot; because &quot;this.analyse&quot; is null
	java.lang.NullPointerException: Cannot invoke &quot;com.goatfinder.builder.GoatAnalyzer.getDataSkew()&quot; because &quot;this.analyse&quot; is null" type="org.opentest4j.MultipleFailuresError">org.opentest4j.MultipleFailuresError: Multiple Failures (3 failures)
	java.lang.NullPointerException: Cannot invoke &quot;com.goatfinder.builder.GoatAnalyzer.getDataSkew()&quot; because &quot;this.analyse&quot; is null
	java.lang.NullPointerException: Cannot invoke &quot;com.goatfinder.builder.GoatAnalyzer.getDataSkew()&quot; because &quot;this.analyse&quot; is null
	java.lang.NullPointerException: Cannot invoke &quot;com.goatfinder.builder.GoatAnalyzer.getDataSkew()&quot; because &quot;this.analyse&quot; is null
	at org.junit.jupiter.api.AssertAll.assertAll(AssertAll.java:80)
	at org.junit.jupiter.api.AssertAll.assertAll(AssertAll.java:44)
	at org.junit.jupiter.api.AssertAll.assertAll(AssertAll.java:38)
	at org.junit.jupiter.api.Assertions.assertAll(Assertions.java:2895)
	at com.goatfinder.builder.GoatAnalyzerTest.testDataSkew(GoatAnalyzerTest.java:75)
</failure>
  </testcase>
  <testcase classname="com.goatfinder.builder.GoatAnalyzerTest" name="com.goatfinder.builder.GoatAnalyzerTest.testDatasetUp" time="0.004">
    <failure message="Cannot invoke &quot;java.util.List.get(int)&quot; because &quot;list&quot; is null" type="java.lang.NullPointerException">java.lang.NullPointerException: Cannot invoke &quot;java.util.List.get(int)&quot; because &quot;list&quot; is null
	at com.goatfinder.builder.GoatAnalyzer$GoatMath.range(GoatAnalyzer.java:168)
	at com.goatfinder.builder.GoatAnalyzer.&lt;init&gt;(GoatAnalyzer.java:29)
	at com.goatfinder.builder.BasketballAnalyzer.&lt;init&gt;(BasketballAnalyzer.java:15)
	at com.goatfinder.builder.GoatAnalyzerTest.testDatasetUp(GoatAnalyzerTest.java:42)
</failure>
  </testcase>
  <testcase classname="com.goatfinder.builder.GoatAnalyzerTest" name="com.goatfinder.builder.GoatAnalyzerTest.testPeriodRange" time="0.002">
    <failure message="Cannot invoke &quot;com.goatfinder.builder.GoatAnalyzer.getPeriodRange()&quot; because &quot;this.analyse&quot; is null" type="java.lang.NullPointerException">java.lang.NullPointerException: Cannot invoke &quot;com.goatfinder.builder.GoatAnalyzer.getPeriodRange()&quot; because &quot;this.analyse&quot; is null
	at com.goatfinder.builder.GoatAnalyzerTest.testPeriodRange(GoatAnalyzerTest.java:68)
</failure>
  </testcase>
  <testcase classname="com.goatfinder.builder.GoatAnalyzerTest" name="com.goatfinder.builder.GoatAnalyzerTest.testStandardDeviation" time="0">
    <failure message="Cannot invoke &quot;com.goatfinder.builder.GoatAnalyzer.getDataStandardDeviations()&quot; because &quot;this.analyse&quot; is null" type="java.lang.NullPointerException">java.lang.NullPointerException: Cannot invoke &quot;com.goatfinder.builder.GoatAnalyzer.getDataStandardDeviations()&quot; because &quot;this.analyse&quot; is null
	at com.goatfinder.builder.GoatAnalyzerTest.testStandardDeviation(GoatAnalyzerTest.java:57)
</failure>
  </testcase>
</testsuite>